#
# A fatal error has been detected by the Java Runtime Environment:
#
#  SIGBUS (0xa) at pc=0x000000010e6943b0, pid=12910, tid=0x0000000000014c0f
#
# JRE version: OpenJDK Runtime Environment (8.0_292-b10) (build 1.8.0_292-b10)
# Java VM: OpenJDK 64-Bit Server VM (25.292-b10 mixed mode bsd-amd64 compressed oops)
# Problematic frame:
# v  ~StubRoutines::jlong_disjoint_arraycopy
#
# Failed to write core dump. Core dumps have been disabled. To enable core dumping, try "ulimit -c unlimited" before starting Java again
#
# If you would like to submit a bug report, please visit:
#   https://github.com/AdoptOpenJDK/openjdk-support/issues
#

---------------  T H R E A D  ---------------

Current thread (0x00007fd0f450a800):  JavaThread "qtp1005227059-40" [_thread_in_Java, id=85007, stack(0x00000003073e0000,0x00000003074e0000)]

siginfo: si_signo: 10 (SIGBUS), si_code: 1 (BUS_ADRALN), si_addr: 0x0000000132dd5000

Registers:
RAX=0x0000000132ddd000, RBX=0x0000000000008000, RCX=0x00000007a503e910, RDX=0xfffffffffffff004
RSP=0x00000003074dc8f0, RBP=0x00000003074dc8f0, RSI=0x00000007a5036918, RDI=0x0000000132ddcff8
R8 =0x0000000000000000, R9 =0x0000000000000000, R10=0x000000010e694940, R11=0x00000000f4a06d21
R12=0x0000000000000000, R13=0x00000000f4a06d21, R14=0x0000000000000000, R15=0x00007fd0f450a800
RIP=0x000000010e6943b0, EFLAGS=0x0000000000000283, ERR=0x0000000000000004
  TRAPNO=0x000000000000000e

Top of Stack: (sp=0x00000003074dc8f0)
0x00000003074dc8f0:   0000000000008000 000000010ecd0590
0x00000003074dc900:   00000007a50368d8 00000007b96987c0
0x00000003074dc910:   0000000000000000 0000800000008000
0x00000003074dc920:   0000000300008000 000000011022700d
0x00000003074dc930:   0000000000000000 00000007a70c9058
0x00000003074dc940:   00000007a50368d8 00000007b96bb158
0x00000003074dc950:   00000007b9917d28 00000007a70bfb28
0x00000003074dc960:   00000007b95bc3a8 000000010cb307b4
0x00000003074dc970:   00000007a70bf818 0000000111aab900
0x00000003074dc980:   00000007a70bfa38 00000007c003ed40
0x00000003074dc990:   00000007f80052f1 00000000f4e17f03
0x00000003074dc9a0:   00000007a50368d8 0000000700008000
0x00000003074dc9b0:   00757f5f00008000 00000007a50368d8
0x00000003074dc9c0:   00000007a70c9058 00000007b9917aa8
0x00000003074dc9d0:   00000007b9917c98 00000007b999d328
0x00000003074dc9e0:   00000007b999d328 00000007f7333a65
0x00000003074dc9f0:   00000007a70bfa38 f4e17f5600000000
0x00000003074dca00:   00000007a70c9008 00000007a70bfa38
0x00000003074dca10:   00000007a70c9008 0000000700000000
0x00000003074dca20:   00000007a70c9008 00000007b999d328
0x00000003074dca30:   0000000000000000 0000000000000000
0x00000003074dca40:   00000000a70bfb48 f732ee1bf732ee14
0x00000003074dca50:   00000000f732ee20 00000003074dca58
0x00000003074dca60:   0000000128316b3c 0000000000000000
0x00000003074dca70:   00000001283219b8 000000012c51af48
0x00000003074dca80:   0000000128316b70 0000000000000000
0x00000003074dca90:   00000003074dcac0 00000003074dd058
0x00000003074dcaa0:   000000010e88423c 0000000000000007
0x00000003074dcab0:   0000000000000019 000000010e88423c
0x00000003074dcac0:   00000007a70bfa38 0000000111d699f4
0x00000003074dcad0:   00000007a70bfa38 f4e17f56f8103c90
0x00000003074dcae0:   0000000000000000 00000007ba098310 

Instructions: (pc=0x000000010e6943b0)
0x000000010e694390:   da e9 40 00 00 00 48 8b 44 d7 08 48 89 44 d1 08
0x000000010e6943a0:   48 ff c2 75 f1 48 33 c0 c9 c3 66 0f 1f 44 00 00
0x000000010e6943b0:   48 8b 44 d7 e8 48 89 44 d1 e8 48 8b 44 d7 f0 48
0x000000010e6943c0:   89 44 d1 f0 48 8b 44 d7 f8 48 89 44 d1 f8 48 8b 

Register to memory mapping:

RAX=0x0000000132ddd000 is an unknown value
RBX=0x0000000000008000 is an unknown value
RCX=0x00000007a503e910 is an oop
