#
# A fatal error has been detected by the Java Runtime Environment:
#
#  SIGBUS (0xa) at pc=0x000000010ee943b0, pid=15742, tid=0x0000000000006e03
#
# JRE version: OpenJDK Runtime Environment (8.0_292-b10) (build 1.8.0_292-b10)
# Java VM: OpenJDK 64-Bit Server VM (25.292-b10 mixed mode bsd-amd64 compressed oops)
# Problematic frame:
# v  ~StubRoutines::jlong_disjoint_arraycopy
#
# Failed to write core dump. Core dumps have been disabled. To enable core dumping, try "ulimit -c unlimited" before starting Java again
#
# If you would like to submit a bug report, please visit:
#   https://github.com/AdoptOpenJDK/openjdk-support/issues
#

---------------  T H R E A D  ---------------

Current thread (0x00007fc9b8e24800):  JavaThread "qtp1016807786-18" [_thread_in_Java, id=28163, stack(0x000000030706b000,0x000000030716b000)]

siginfo: si_signo: 10 (SIGBUS), si_code: 1 (BUS_ADRALN), si_addr: 0x0000000131371000

Registers:
RAX=0x0000000131379000, RBX=0x0000000000008000, RCX=0x00000007b08fb868, RDX=0xfffffffffffff004
RSP=0x0000000307167730, RBP=0x0000000307167730, RSI=0x00000007b08f3870, RDI=0x0000000131378ff8
R8 =0x0000000000000000, R9 =0x0000000000000000, R10=0x000000010ee94940, R11=0x00000000f611e70c
R12=0x0000000000000000, R13=0x00000000f611e70c, R14=0x0000000000000000, R15=0x00007fc9b8e24800
RIP=0x000000010ee943b0, EFLAGS=0x0000000000000283, ERR=0x0000000000000004
  TRAPNO=0x000000000000000e

Top of Stack: (sp=0x0000000307167730)
0x0000000307167730:   0000000000008000 000000011236dc9c
0x0000000307167740:   00000007b08db8b0 00000007b0a8a448
0x0000000307167750:   0000000000000000 0000800000008000
0x0000000307167760:   0000000300008000 0000000111b68d0d
0x0000000307167770:   0000000000000000 00000007a3abd138
0x0000000307167780:   00000007b088b790 00000007b08e3850
0x0000000307167790:   0000000000008000 000000011163fadc
0x00000003071677a0:   0000000000000021 00000007a3aba2c8
0x00000003071677b0:   00000007a3aba178 00000001123e4a6c
0x00000003071677c0:   00000007a3aba398 00000007c003ed40
0x00000003071677d0:   00000000f475742f 00000007b08db8b0
0x00000003071677e0:   00c9864400008000 00000007a3abd138
0x00000003071677f0:   00000007b08db8b0 0000000700eb8644
0x0000000307167800:   0000000307167e08 000000011241c20d
0x0000000307167810:   00007fc99f4560b0 0000000036313730
0x0000000307167820:   00000007b0884f60 0000000112285fbc
0x0000000307167830:   00007fc99f4560b0 010000012b6de080
0x0000000307167840:   0000000307167870 00000007b0862b20
0x0000000307167850:   0000000000000007 00000000b8e24800
0x0000000307167860:   0000000307167e08 000000011139d17c
0x0000000307167870:   0000000000000019 0000000112273814
0x0000000307167880:   00000007a3aba398 00000001123eaa8c
0x0000000307167890:   00000007a3aba398 f4757482f810d409
0x00000003071678a0:   0000000000000000 00000007b04c94f8
0x00000003071678b0:   00000007421d4d48 00000007b04c94f8
0x00000003071678c0:   0000000307167e08 00000001120ebaec
0x00000003071678d0:   00007fc99f4560b0 000000074137b940
0x00000003071678e0:   000000074137b940 0000000000000008
0x00000003071678f0:   0000001000000010 00000007b0588aa8
0x0000000307167900:   0000000700000001 0000000000000001
0x0000000307167910:   f60b115800000000 00000000e843aa1a
0x0000000307167920:   0000000000000001 0000000000000010 

Instructions: (pc=0x000000010ee943b0)
0x000000010ee94390:   da e9 40 00 00 00 48 8b 44 d7 08 48 89 44 d1 08
0x000000010ee943a0:   48 ff c2 75 f1 48 33 c0 c9 c3 66 0f 1f 44 00 00
0x000000010ee943b0:   48 8b 44 d7 e8 48 89 44 d1 e8 48 8b 44 d7 f0 48
0x000000010ee943c0:   89 44 d1 f0 48 8b 44 d7 f8 48 89 44 d1 f8 48 8b 

Register to memory mapping:

RAX=0x0000000131379000 is an unknown value
RBX=0x0000000000008000 is an unknown value
RCX=0x00000007b08fb868 is an oop
